[debug] [2022-03-16T21:26:34.043Z] ----------------------------------------------------------------------
[debug] [2022-03-16T21:26:34.050Z] Command:       /usr/local/bin/node /usr/local/bin/firebase deploy
[debug] [2022-03-16T21:26:34.051Z] CLI Version:   10.2.1
[debug] [2022-03-16T21:26:34.051Z] Platform:      darwin
[debug] [2022-03-16T21:26:34.051Z] Node Version:  v14.16.1
[debug] [2022-03-16T21:26:34.069Z] Time:          Wed Mar 16 2022 22:26:34 GMT+0100 (Central European Standard Time)
[debug] [2022-03-16T21:26:34.070Z] ----------------------------------------------------------------------
[debug] 
[debug] [2022-03-16T21:26:34.161Z] > command requires scopes: ["email","openid","https://www.googleapis.com/auth/cloudplatformprojects.readonly","https://www.googleapis.com/auth/firebase","https://www.googleapis.com/auth/cloud-platform"]
[debug] [2022-03-16T21:26:34.162Z] > authorizing via signed-in user (ernesto.elsaesser@gmail.com)
[debug] [2022-03-16T21:26:34.162Z] [iam] checking project calzan for permissions ["firebase.projects.get","firebasehosting.sites.update"]
[debug] [2022-03-16T21:26:34.169Z] >>> [apiv2][query] POST https://cloudresourcemanager.googleapis.com/v1/projects/calzan:testIamPermissions [none]
[debug] [2022-03-16T21:26:34.169Z] >>> [apiv2][body] POST https://cloudresourcemanager.googleapis.com/v1/projects/calzan:testIamPermissions {"permissions":["firebase.projects.get","firebasehosting.sites.update"]}
[debug] [2022-03-16T21:26:35.219Z] <<< [apiv2][status] POST https://cloudresourcemanager.googleapis.com/v1/projects/calzan:testIamPermissions 200
[debug] [2022-03-16T21:26:35.219Z] <<< [apiv2][body] POST https://cloudresourcemanager.googleapis.com/v1/projects/calzan:testIamPermissions {"permissions":["firebase.projects.get","firebasehosting.sites.update"]}
[debug] [2022-03-16T21:26:35.225Z] >>> [apiv2][query] GET https://firebase.googleapis.com/v1beta1/projects/calzan [none]
[debug] [2022-03-16T21:26:35.532Z] <<< [apiv2][status] GET https://firebase.googleapis.com/v1beta1/projects/calzan 200
[debug] [2022-03-16T21:26:35.533Z] <<< [apiv2][body] GET https://firebase.googleapis.com/v1beta1/projects/calzan {"projectId":"calzan","projectNumber":"771193061461","displayName":"Calzan","name":"projects/calzan","resources":{"hostingSite":"calzan","realtimeDatabaseInstance":"calzan-default-rtdb"},"state":"ACTIVE"}
[info] 
[info] === Deploying to 'calzan'...
[info] 
[info] i  deploying hosting 
[debug] [2022-03-16T21:26:35.538Z] >>> [apiv2][query] GET https://firebase.googleapis.com/v1beta1/projects/calzan [none]
[debug] [2022-03-16T21:26:36.007Z] <<< [apiv2][status] GET https://firebase.googleapis.com/v1beta1/projects/calzan 200
[debug] [2022-03-16T21:26:36.007Z] <<< [apiv2][body] GET https://firebase.googleapis.com/v1beta1/projects/calzan {"projectId":"calzan","projectNumber":"771193061461","displayName":"Calzan","name":"projects/calzan","resources":{"hostingSite":"calzan","realtimeDatabaseInstance":"calzan-default-rtdb"},"state":"ACTIVE"}
[debug] [2022-03-16T21:26:36.010Z] >>> [apiv2][query] POST https://firebasehosting.googleapis.com/v1beta1/projects/771193061461/sites/calzan/versions [none]
[debug] [2022-03-16T21:26:36.010Z] >>> [apiv2][body] POST https://firebasehosting.googleapis.com/v1beta1/projects/771193061461/sites/calzan/versions {"config":{"rewrites":[{"glob":"/","path":"/index"}],"cleanUrls":true,"trailingSlashBehavior":"REMOVE"},"labels":{"deployment-tool":"cli-firebase"}}
[debug] [2022-03-16T21:26:36.930Z] <<< [apiv2][status] POST https://firebasehosting.googleapis.com/v1beta1/projects/771193061461/sites/calzan/versions 200
[debug] [2022-03-16T21:26:36.930Z] <<< [apiv2][body] POST https://firebasehosting.googleapis.com/v1beta1/projects/771193061461/sites/calzan/versions {"name":"projects/771193061461/sites/calzan/versions/59c0806a795124ed","status":"CREATED","config":{"rewrites":[{"glob":"/","path":"/index"}],"cleanUrls":true,"trailingSlashBehavior":"REMOVE"},"labels":{"deployment-tool":"cli-firebase"}}
[info] i  hosting[calzan]: beginning deploy... 
[info] i  hosting[calzan]: found 1 files in webpage 
[debug] [2022-03-16T21:26:36.956Z] [hosting] hash cache [d2VicGFnZQ] stored for 1 files
[debug] [2022-03-16T21:26:36.957Z] [hosting][hash queue][FINAL] {"max":8,"min":8,"avg":8,"active":0,"complete":1,"success":1,"errored":0,"retried":0,"total":1,"elapsed":13}
[debug] [2022-03-16T21:26:36.957Z] >>> [apiv2][query] POST https://firebasehosting.googleapis.com/v1beta1/projects/771193061461/sites/calzan/versions/59c0806a795124ed:populateFiles [none]
[debug] [2022-03-16T21:26:36.957Z] >>> [apiv2][body] POST https://firebasehosting.googleapis.com/v1beta1/projects/771193061461/sites/calzan/versions/59c0806a795124ed:populateFiles {"files":{"/index.html":"deafe095156e20b6e1e97feff1ba42049d8628ae0a11cd0aaf9199ee1faf9f73"}}
